<?xml version="1.0" encoding="UTF-8"?>
<coverage generated="1673411042352" clover="3.2.0">
  <project timestamp="1673411042352" name="All files">
    <metrics statements="23" coveredstatements="19" conditionals="5" coveredconditionals="3" methods="1" coveredmethods="1" elements="29" coveredelements="23" complexity="0" loc="23" ncloc="23" packages="1" files="1" classes="1"/>
    <file name="pack-util.ts" path="/home/gamemaster/workspaces/grandmasterdev/github-action/ci-nodejs-package/src/utils/pack-util.ts">
      <metrics statements="23" coveredstatements="19" conditionals="5" coveredconditionals="3" methods="1" coveredmethods="1"/>
      <line num="1" count="1" type="stmt"/>
      <line num="2" count="1" type="cond" truecount="1" falsecount="0"/>
      <line num="3" count="1" type="cond" truecount="0" falsecount="1"/>
      <line num="4" count="0" type="stmt"/>
      <line num="5" count="0" type="stmt"/>
      <line num="6" count="1" type="stmt"/>
      <line num="7" count="1" type="stmt"/>
      <line num="8" count="1" type="stmt"/>
      <line num="9" count="1" type="cond" truecount="1" falsecount="0"/>
      <line num="10" count="4" type="stmt"/>
      <line num="11" count="4" type="stmt"/>
      <line num="12" count="4" type="cond" truecount="1" falsecount="0"/>
      <line num="13" count="3" type="stmt"/>
      <line num="14" count="3" type="stmt"/>
      <line num="15" count="3" type="stmt"/>
      <line num="16" count="3" type="cond" truecount="0" falsecount="1"/>
      <line num="17" count="0" type="stmt"/>
      <line num="18" count="0" type="stmt"/>
      <line num="19" count="3" type="stmt"/>
      <line num="20" count="1" type="stmt"/>
      <line num="21" count="1" type="stmt"/>
      <line num="22" count="1" type="stmt"/>
      <line num="23" count="1" type="stmt"/>
    </file>
  </project>
</coverage>
