{
  "/home/gamemaster/workspaces/grandmasterdev/github-action/ci-nodejs-package/src/utils/pack-util.ts": {
    "path": "/home/gamemaster/workspaces/grandmasterdev/github-action/ci-nodejs-package/src/utils/pack-util.ts",
    "all": false,
    "statementMap": {
      "0": {
        "start": { "line": 1, "column": 0 },
        "end": { "line": 1, "column": 0 }
      },
      "1": {
        "start": { "line": 2, "column": 0 },
        "end": { "line": 2, "column": 91 }
      },
      "2": {
        "start": { "line": 3, "column": 0 },
        "end": { "line": 3, "column": 45 }
      },
      "3": {
        "start": { "line": 4, "column": 0 },
        "end": { "line": 4, "column": 82 }
      },
      "4": {
        "start": { "line": 5, "column": 0 },
        "end": { "line": 5, "column": 5 }
      },
      "5": {
        "start": { "line": 6, "column": 0 },
        "end": { "line": 6, "column": 0 }
      },
      "6": {
        "start": { "line": 7, "column": 0 },
        "end": { "line": 7, "column": 38 }
      },
      "7": {
        "start": { "line": 8, "column": 0 },
        "end": { "line": 8, "column": 0 }
      },
      "8": {
        "start": { "line": 9, "column": 0 },
        "end": { "line": 9, "column": 41 }
      },
      "9": {
        "start": { "line": 10, "column": 0 },
        "end": { "line": 10, "column": 33 }
      },
      "10": {
        "start": { "line": 11, "column": 0 },
        "end": { "line": 11, "column": 0 }
      },
      "11": {
        "start": { "line": 12, "column": 0 },
        "end": { "line": 12, "column": 41 }
      },
      "12": {
        "start": { "line": 13, "column": 0 },
        "end": { "line": 13, "column": 37 }
      },
      "13": {
        "start": { "line": 14, "column": 0 },
        "end": { "line": 14, "column": 42 }
      },
      "14": {
        "start": { "line": 15, "column": 0 },
        "end": { "line": 15, "column": 13 }
      },
      "15": {
        "start": { "line": 16, "column": 0 },
        "end": { "line": 16, "column": 37 }
      },
      "16": {
        "start": { "line": 17, "column": 0 },
        "end": { "line": 17, "column": 39 }
      },
      "17": {
        "start": { "line": 18, "column": 0 },
        "end": { "line": 18, "column": 13 }
      },
      "18": {
        "start": { "line": 19, "column": 0 },
        "end": { "line": 19, "column": 9 }
      },
      "19": {
        "start": { "line": 20, "column": 0 },
        "end": { "line": 20, "column": 6 }
      },
      "20": {
        "start": { "line": 21, "column": 0 },
        "end": { "line": 21, "column": 0 }
      },
      "21": {
        "start": { "line": 22, "column": 0 },
        "end": { "line": 22, "column": 24 }
      },
      "22": {
        "start": { "line": 23, "column": 0 },
        "end": { "line": 23, "column": 1 }
      }
    },
    "s": {
      "0": 1,
      "1": 1,
      "2": 1,
      "3": 0,
      "4": 0,
      "5": 1,
      "6": 1,
      "7": 1,
      "8": 1,
      "9": 4,
      "10": 4,
      "11": 4,
      "12": 3,
      "13": 3,
      "14": 3,
      "15": 3,
      "16": 0,
      "17": 0,
      "18": 3,
      "19": 1,
      "20": 1,
      "21": 1,
      "22": 1
    },
    "branchMap": {
      "0": {
        "type": "branch",
        "line": 2,
        "loc": {
          "start": { "line": 2, "column": 39 },
          "end": { "line": 23, "column": 1 }
        },
        "locations": [
          {
            "start": { "line": 2, "column": 39 },
            "end": { "line": 23, "column": 1 }
          }
        ]
      },
      "1": {
        "type": "branch",
        "line": 3,
        "loc": {
          "start": { "line": 3, "column": 44 },
          "end": { "line": 5, "column": 5 }
        },
        "locations": [
          {
            "start": { "line": 3, "column": 44 },
            "end": { "line": 5, "column": 5 }
          }
        ]
      },
      "2": {
        "type": "branch",
        "line": 9,
        "loc": {
          "start": { "line": 9, "column": 22 },
          "end": { "line": 20, "column": 5 }
        },
        "locations": [
          {
            "start": { "line": 9, "column": 22 },
            "end": { "line": 20, "column": 5 }
          }
        ]
      },
      "3": {
        "type": "branch",
        "line": 12,
        "loc": {
          "start": { "line": 12, "column": 40 },
          "end": { "line": 19, "column": 9 }
        },
        "locations": [
          {
            "start": { "line": 12, "column": 40 },
            "end": { "line": 19, "column": 9 }
          }
        ]
      },
      "4": {
        "type": "branch",
        "line": 16,
        "loc": {
          "start": { "line": 16, "column": 36 },
          "end": { "line": 18, "column": 13 }
        },
        "locations": [
          {
            "start": { "line": 16, "column": 36 },
            "end": { "line": 18, "column": 13 }
          }
        ]
      }
    },
    "b": { "0": [1], "1": [0], "2": [4], "3": [3], "4": [0] },
    "fnMap": {
      "0": {
        "name": "assertAssetPackageBreak",
        "decl": {
          "start": { "line": 2, "column": 39 },
          "end": { "line": 23, "column": 1 }
        },
        "loc": {
          "start": { "line": 2, "column": 39 },
          "end": { "line": 23, "column": 1 }
        },
        "line": 2
      }
    },
    "f": { "0": 1 }
  }
}
